[debug] [2024-02-20T14:35:21.050Z] ----------------------------------------------------------------------
[debug] [2024-02-20T14:35:21.052Z] Command:       C:\Program Files\nodejs\node.exe C:\Users\kunal\AppData\Roaming\npm\node_modules\firebase-tools\lib\bin\firebase.js init
[debug] [2024-02-20T14:35:21.052Z] CLI Version:   13.3.0
[debug] [2024-02-20T14:35:21.052Z] Platform:      win32
[debug] [2024-02-20T14:35:21.053Z] Node Version:  v18.16.0
[debug] [2024-02-20T14:35:21.053Z] Time:          Tue Feb 20 2024 20:05:21 GMT+0530 (India Standard Time)
[debug] [2024-02-20T14:35:21.054Z] ----------------------------------------------------------------------
[debug] 
[debug] [2024-02-20T14:35:21.126Z] > command requires scopes: ["email","openid","https://www.googleapis.com/auth/cloudplatformprojects.readonly","https://www.googleapis.com/auth/firebase","https://www.googleapis.com/auth/cloud-platform"]
[debug] [2024-02-20T14:35:21.127Z] > authorizing via signed-in user (kunalsiyag829@gmail.com)
[info] 
     ######## #### ########  ######## ########     ###     ######  ########
     ##        ##  ##     ## ##       ##     ##  ##   ##  ##       ##
     ######    ##  ########  ######   ########  #########  ######  ######
     ##        ##  ##    ##  ##       ##     ## ##     ##       ## ##
     ##       #### ##     ## ######## ########  ##     ##  ######  ########

You're about to initialize a Firebase project in this directory:

  C:\Users\kunal\OneDrive\Desktop\my-agro-app

Before we get started, keep in mind:

  * You are initializing within an existing Firebase project directory

[info] 
=== Project Setup
[info] 
[info] First, let's associate this project directory with a Firebase project.
[info] You can create multiple project aliases by running firebase use --add, 
[info] but for now we'll just set up a default project.
[info] 
[debug] [2024-02-20T14:35:27.549Z] Using project from CLI flag: diseasedet
[debug] [2024-02-20T14:35:27.551Z] > refreshing access token with scopes: []
[debug] [2024-02-20T14:35:27.552Z] >>> [apiv2][query] POST https://www.googleapis.com/oauth2/v3/token [none]
[debug] [2024-02-20T14:35:27.553Z] >>> [apiv2][body] POST https://www.googleapis.com/oauth2/v3/token [omitted]
[debug] [2024-02-20T14:35:27.956Z] <<< [apiv2][status] POST https://www.googleapis.com/oauth2/v3/token 200
[debug] [2024-02-20T14:35:27.956Z] <<< [apiv2][body] POST https://www.googleapis.com/oauth2/v3/token [omitted]
[debug] [2024-02-20T14:35:27.962Z] >>> [apiv2][query] GET https://firebase.googleapis.com/v1beta1/projects/diseasedet [none]
[debug] [2024-02-20T14:35:28.575Z] <<< [apiv2][status] GET https://firebase.googleapis.com/v1beta1/projects/diseasedet 200
[debug] [2024-02-20T14:35:28.575Z] <<< [apiv2][body] GET https://firebase.googleapis.com/v1beta1/projects/diseasedet {"projectId":"diseasedet","projectNumber":"1062062460810","displayName":"DiseaseDet","name":"projects/diseasedet","resources":{"hostingSite":"diseasedet","realtimeDatabaseInstance":"diseasedet-default-rtdb","storageBucket":"diseasedet.appspot.com","locationId":"us-central"},"state":"ACTIVE","etag":"1_d4c67d65-edcf-4347-abcd-db7cc07e5e1b"}
[info] i  Using project diseasedet (DiseaseDet) 
[info] 
=== Hosting Setup
[debug] [2024-02-20T14:35:28.580Z] >>> [apiv2][query] GET https://firebase.googleapis.com/v1beta1/projects/diseasedet [none]
[debug] [2024-02-20T14:35:29.362Z] <<< [apiv2][status] GET https://firebase.googleapis.com/v1beta1/projects/diseasedet 200
[debug] [2024-02-20T14:35:29.362Z] <<< [apiv2][body] GET https://firebase.googleapis.com/v1beta1/projects/diseasedet {"projectId":"diseasedet","projectNumber":"1062062460810","displayName":"DiseaseDet","name":"projects/diseasedet","resources":{"hostingSite":"diseasedet","realtimeDatabaseInstance":"diseasedet-default-rtdb","storageBucket":"diseasedet.appspot.com","locationId":"us-central"},"state":"ACTIVE","etag":"1_d4c67d65-edcf-4347-abcd-db7cc07e5e1b"}
[info] 
[info] Your public directory is the folder (relative to your project directory) that
[info] will contain Hosting assets to be uploaded with firebase deploy. If you
[info] have a build process for your assets, use your build's output directory.
[info] 
[debug] [2024-02-20T14:36:32.620Z] ----------------------------------------------------------------------
[debug] [2024-02-20T14:36:32.622Z] Command:       C:\Program Files\nodejs\node.exe C:\Users\kunal\AppData\Roaming\npm\node_modules\firebase-tools\lib\bin\firebase.js init
[debug] [2024-02-20T14:36:32.622Z] CLI Version:   13.3.0
[debug] [2024-02-20T14:36:32.622Z] Platform:      win32
[debug] [2024-02-20T14:36:32.623Z] Node Version:  v18.16.0
[debug] [2024-02-20T14:36:32.623Z] Time:          Tue Feb 20 2024 20:06:32 GMT+0530 (India Standard Time)
[debug] [2024-02-20T14:36:32.624Z] ----------------------------------------------------------------------
[debug] 
[debug] [2024-02-20T14:36:32.689Z] > command requires scopes: ["email","openid","https://www.googleapis.com/auth/cloudplatformprojects.readonly","https://www.googleapis.com/auth/firebase","https://www.googleapis.com/auth/cloud-platform"]
[debug] [2024-02-20T14:36:32.690Z] > authorizing via signed-in user (kunalsiyag829@gmail.com)
[info] 
     ######## #### ########  ######## ########     ###     ######  ########
     ##        ##  ##     ## ##       ##     ##  ##   ##  ##       ##
     ######    ##  ########  ######   ########  #########  ######  ######
     ##        ##  ##    ##  ##       ##     ## ##     ##       ## ##
     ##       #### ##     ## ######## ########  ##     ##  ######  ########

You're about to initialize a Firebase project in this directory:

  C:\Users\kunal\OneDrive\Desktop\my-agro-app

Before we get started, keep in mind:

  * You are initializing within an existing Firebase project directory

[info] 
=== Project Setup
[info] 
[info] First, let's associate this project directory with a Firebase project.
[info] You can create multiple project aliases by running firebase use --add, 
[info] but for now we'll just set up a default project.
[info] 
[debug] [2024-02-20T14:36:36.991Z] Using project from CLI flag: diseasedet
[debug] [2024-02-20T14:36:36.993Z] >>> [apiv2][query] GET https://firebase.googleapis.com/v1beta1/projects/diseasedet [none]
[debug] [2024-02-20T14:36:40.833Z] <<< [apiv2][status] GET https://firebase.googleapis.com/v1beta1/projects/diseasedet 200
[debug] [2024-02-20T14:36:40.834Z] <<< [apiv2][body] GET https://firebase.googleapis.com/v1beta1/projects/diseasedet {"projectId":"diseasedet","projectNumber":"1062062460810","displayName":"DiseaseDet","name":"projects/diseasedet","resources":{"hostingSite":"diseasedet","realtimeDatabaseInstance":"diseasedet-default-rtdb","storageBucket":"diseasedet.appspot.com","locationId":"us-central"},"state":"ACTIVE","etag":"1_d4c67d65-edcf-4347-abcd-db7cc07e5e1b"}
[info] i  Using project diseasedet (DiseaseDet) 
[info] 
=== Hosting Setup
[debug] [2024-02-20T14:36:40.839Z] >>> [apiv2][query] GET https://firebase.googleapis.com/v1beta1/projects/diseasedet [none]
[debug] [2024-02-20T14:36:43.664Z] <<< [apiv2][status] GET https://firebase.googleapis.com/v1beta1/projects/diseasedet 200
[debug] [2024-02-20T14:36:43.664Z] <<< [apiv2][body] GET https://firebase.googleapis.com/v1beta1/projects/diseasedet {"projectId":"diseasedet","projectNumber":"1062062460810","displayName":"DiseaseDet","name":"projects/diseasedet","resources":{"hostingSite":"diseasedet","realtimeDatabaseInstance":"diseasedet-default-rtdb","storageBucket":"diseasedet.appspot.com","locationId":"us-central"},"state":"ACTIVE","etag":"1_d4c67d65-edcf-4347-abcd-db7cc07e5e1b"}
[info] 
[info] Your public directory is the folder (relative to your project directory) that
[info] will contain Hosting assets to be uploaded with firebase deploy. If you
[info] have a build process for your assets, use your build's output directory.
[info] 
