[1709913001] sampled token:   198: '
'
[1709913001] sampled token: 21017: '###'
[1709913001] sampled token:   352: ' 1'
[1709913001] sampled token:    13: '.'
[1709913001] sampled token:   554: ' In'
[1709913001] sampled token:  1194: ' another'
[1709913001] sampled token:  7791: ' scheme'
[1709913001] sampled token:   357: ' ('
[1709913001] sampled token:    57: 'Z'
[1709913001] sampled token: 33255: 'hang'
[1709913001] sampled token:  2123: ' et'
[1709913001] sampled token:   435: ' al'
[1709913001] sampled token:  1539: '.,'
[1709913002] sampled token: 13130: ' 2019'
[1709913002] sampled token:   828: '),'
[1709913002] sampled token:  2972: ' various'
[1709913002] sampled token:  2974: ' levels'
[1709913002] sampled token:   286: ' of'
[1709913002] sampled token: 29652: ' DW'
[1709913002] sampled token:    51: 'T'
[1709913002] sampled token:   389: ' are'
[1709913002] sampled token:  5625: ' applied'
[1709913002] sampled token:   319: ' on'
[1709913002] sampled token:   262: ' the'
[1709913002] sampled token:  3002: ' cover'
[1709913002] sampled token:   357: ' ('
[1709913002] sampled token:   273: 'or'
[1709913002] sampled token:  2583: ' host'
[1709913003] sampled token:     8: ')'
[1709913003] sampled token:  2939: ' image'
[1709913003] sampled token:    11: ','
[1709913003] sampled token:   290: ' and'
[1709913003] sampled token:   788: ' then'
[1709913003] sampled token:   360: ' D'
[1709913003] sampled token:  4177: 'CT'
[1709913003] sampled token:   318: ' is'
[1709913003] sampled token: 23791: ' merged'
[1709913003] sampled token:   351: ' with'
[1709913003] sampled token: 29652: ' DW'
[1709913003] sampled token:    51: 'T'
[1709913003] sampled token:    13: '.'
[1709913003] sampled token:   198: '
'
[1709913003] sampled token:  1212: 'This'
[1709913003] sampled token:  2239: ' step'
[1709913004] sampled token:  9018: ' involves'
[1709913004] sampled token:  1262: ' using'
[1709913004] sampled token:  8444: ' Disc'
[1709913004] sampled token:  8374: 'rete'
[1709913004] sampled token: 17084: ' Wave'
[1709913004] sampled token:  1616: 'let'
[1709913004] sampled token: 26981: ' Transform'
[1709913004] sampled token:   357: ' ('
[1709913004] sampled token:    35: 'D'
[1709913004] sampled token: 39386: 'WT'
[1709913004] sampled token:     8: ')'
[1709913004] sampled token:   284: ' to'
[1709913004] sampled token: 16602: ' analyze'
[1709913004] sampled token:  3294: ' multiple'
[1709913004] sampled token: 11685: ' layers'
[1709913004] sampled token:   286: ' of'
[1709913005] sampled token:   262: ' the'
[1709913005] sampled token:  2939: ' image'
[1709913005] sampled token:   338: ''s'
[1709913005] sampled token:  8373: ' frequency'
[1709913005] sampled token:  6805: ' components'
[1709913005] sampled token:   290: ' and'
[1709913005] sampled token:   788: ' then'
[1709913005] sampled token: 35981: ' merging'
[1709913005] sampled token:   606: ' them'
[1709913005] sampled token:   736: ' back'
[1709913005] sampled token:  1978: ' together'
[1709913005] sampled token:   706: ' after'
[1709913005] sampled token: 11524: ' applying'
[1709913005] sampled token:  1194: ' another'
[1709913005] sampled token:  6121: ' transform'
[1709913006] sampled token:  1444: ' called'
[1709913006] sampled token:  8444: ' Disc'
[1709913006] sampled token:  8374: 'rete'
[1709913006] sampled token: 10437: ' Cos'
[1709913006] sampled token:   500: 'ine'
[1709913006] sampled token: 26981: ' Transform'
[1709913006] sampled token:   357: ' ('
[1709913006] sampled token:    35: 'D'
[1709913006] sampled token:  4177: 'CT'
[1709913006] sampled token:   737: ').'
[1709913006] sampled token:   770: ' This'
[1709913006] sampled token:  4905: ' operation'
[1709913006] sampled token:  5419: ' helps'
[1709913006] sampled token:   287: ' in'
[1709913006] sampled token:   552: ' comp'
[1709913006] sampled token: 11697: 'ressing'
[1709913007] sampled token:   262: ' the'
[1709913007] sampled token:  2939: ' image'
[1709913007] sampled token:   416: ' by'
[1709913007] sampled token: 26645: ' retaining'
[1709913007] sampled token:   691: ' only'
[1709913007] sampled token:  6393: ' essential'
[1709913007] sampled token:  1321: ' information'
[1709913007] sampled token:   981: ' while'
[1709913007] sampled token:  1221: ' disc'
[1709913007] sampled token: 13493: 'arding'
[1709913007] sampled token:   262: ' the'
[1709913007] sampled token:  1342: ' less'
[1709913007] sampled token:  2383: ' significant'
[1709913007] sampled token:  3354: ' parts'
[1709913007] sampled token:    13: '.'
[1709913008] sampled token:   198: '
'
[1709913008] sampled token:   198: '
'
[1709913008] sampled token: 21017: '###'
[1709913008] sampled token:   362: ' 2'
[1709913008] sampled token:    13: '.'
[1709913008] sampled token:  1114: ' For'
[1709913008] sampled token: 11525: ' embed'
[1709913008] sampled token: 12083: 'ding'
[1709913008] sampled token:   262: ' the'
[1709913008] sampled token:  1660: ' water'
[1709913008] sampled token:  4102: 'mark'
[1709913008] sampled token:    11: ','
[1709913008] sampled token:   257: ' a'
[1709913008] sampled token:  4104: ' spread'
[1709913008] sampled token:  6121: ' transform'
[1709913008] sampled token: 15094: ' quad'
[1709913009] sampled token:    81: 'r'
[1709913009] sampled token:  1300: 'ature'
[1709913009] sampled token:  6376: ' index'
[1709913009] sampled token: 39007: ' modulation'
[1709913009] sampled token:   357: ' ('
[1709913009] sampled token:    48: 'Q'
[1709913009] sampled token:  3955: 'IM'
[1709913009] sampled token:     8: ')'
[1709913009] sampled token: 11862: ' algorithm'
[1709913009] sampled token:   318: ' is'
[1709913009] sampled token:   973: ' used'
[1709913009] sampled token:    13: '.'
[1709913009] sampled token:   198: '
'
[1709913009] sampled token:   818: 'In'
[1709913009] sampled token:   428: ' this'
[1709913010] sampled token:  2239: ' step'
[1709913010] sampled token:    11: ','
[1709913010] sampled token:   262: ' the'
[1709913010] sampled token:  1660: ' water'
[1709913010] sampled token:  4102: 'mark'
[1709913010] sampled token:   338: ''s'
[1709913010] sampled token:  1321: ' information'
[1709913010] sampled token:   318: ' is'
[1709913010] sampled token: 30240: ' encoded'
[1709913010] sampled token:   656: ' into'
[1709913010] sampled token:   262: ' the'
[1709913010] sampled token:  2939: ' image'
[1709913010] sampled token:  1262: ' using'
[1709913010] sampled token:   257: ' a'
[1709913010] sampled token:  2176: ' specific'
[1709913010] sampled token: 21004: ' encoding'
[1709913011] sampled token:  8173: ' technique'
[1709913011] sampled token:  1444: ' called'
[1709913011] sampled token: 31843: ' Spread'
[1709913011] sampled token: 26981: ' Transform'
[1709913011] sampled token: 20648: ' Quad'
[1709913011] sampled token:    81: 'r'
[1709913011] sampled token:  1300: 'ature'
[1709913011] sampled token: 12901: ' Index'
[1709913011] sampled token:  3401: ' Mod'
[1709913011] sampled token:  1741: 'ulation'
[1709913011] sampled token:   357: ' ('
[1709913011] sampled token:  2257: 'ST'
[1709913011] sampled token:    12: '-'
[1709913011] sampled token:    48: 'Q'
[1709913011] sampled token:  3955: 'IM'
[1709913012] sampled token:   737: ').'
[1709913012] sampled token:   770: ' This'
[1709913012] sampled token:  2446: ' method'
[1709913012] sampled token: 19047: ' ensures'
[1709913012] sampled token:   326: ' that'
[1709913012] sampled token:   262: ' the'
[1709913012] sampled token:  1660: ' water'
[1709913012] sampled token:  4102: 'mark'
[1709913012] sampled token:   318: ' is'
[1709913012] sampled token: 14553: ' embedded'
[1709913012] sampled token: 30835: ' securely'
[1709913012] sampled token:  1626: ' within'
[1709913012] sampled token:   262: ' the'
[1709913012] sampled token:  2939: ' image'
[1709913012] sampled token:  1231: ' without'
[1709913012] sampled token:   852: ' being'
[1709913013] sampled token:  3538: ' easily'
[1709913013] sampled token: 19787: ' noticeable'
[1709913013] sampled token:   284: ' to'
[1709913013] sampled token:  2687: ' anyone'
[1709913013] sampled token:  2111: ' trying'
[1709913013] sampled token:   284: ' to'
[1709913013] sampled token:  7925: ' extract'
[1709913013] sampled token:   340: ' it'
[1709913013] sampled token:    13: '.'
[1709913013] sampled token:   198: '
'
[1709913013] sampled token:   198: '
'
[1709913013] sampled token: 21017: '###'
[1709913013] sampled token:   513: ' 3'
[1709913013] sampled token:    13: '.'
[1709913013] sampled token:  1052: ' An'
[1709913014] sampled token: 29617: ' orth'
[1709913014] sampled token:   519: 'og'
[1709913014] sampled token: 20996: 'onal'
[1709913014] sampled token: 12336: ' matching'
[1709913014] sampled token: 14748: ' pursuit'
[1709913014] sampled token: 19794: ' compression'
[1709913014] sampled token: 25056: ' reconstruction'
[1709913014] sampled token: 11862: ' algorithm'
[1709913014] sampled token:   318: ' is'
[1709913014] sampled token:   973: ' used'
[1709913014] sampled token:   329: ' for'
[1709913014] sampled token: 45780: ' optimizing'
[1709913014] sampled token:   262: ' the'
[1709913014] sampled token:  2854: ' performance'
[1709913014] sampled token:   286: ' of'
[1709913015] sampled token:   262: ' the'
[1709913015] sampled token:  1660: ' water'
[1709913015] sampled token:  4102: 'mark'
[1709913015] sampled token:   278: 'ing'
[1709913015] sampled token:  1080: ' system'
[1709913015] sampled token:    13: '.'
[1709913015] sampled token:   198: '
'
[1709913015] sampled token:   464: 'The'
[1709913015] sampled token:  1306: ' next'
[1709913015] sampled token:  2239: ' step'
[1709913015] sampled token:  9018: ' involves'
[1709913015] sampled token:  1262: ' using'
[1709913015] sampled token:   257: ' a'
[1709913015] sampled token:  8173: ' technique'
[1709913015] sampled token:  1444: ' called'
[1709913016] sampled token: 47664: ' Orth'
[1709913016] sampled token:   519: 'og'
[1709913016] sampled token: 20996: 'onal'
[1709913016] sampled token: 13225: ' Match'
[1709913016] sampled token:   278: 'ing'
[1709913016] sampled token: 34089: ' Purs'
[1709913016] sampled token:  5013: 'uit'
[1709913016] sampled token:   357: ' ('
[1709913016] sampled token:  2662: 'OM'
[1709913016] sampled token:    47: 'P'
[1709913016] sampled token:     8: ')'
[1709913016] sampled token: 19794: ' compression'
[1709913016] sampled token: 25056: ' reconstruction'
[1709913016] sampled token:   284: ' to'
[1709913016] sampled token:  9494: ' enhance'
[1709913017] sampled token:   262: ' the'
[1709913017] sampled token:  2854: ' performance'
[1709913017] sampled token:   286: ' of'
[1709913017] sampled token:   262: ' the'
[1709913017] sampled token:  1660: ' water'
[1709913017] sampled token:  4102: 'mark'
[1709913017] sampled token: 11525: ' embed'
[1709913017] sampled token: 12083: 'ding'
[1709913017] sampled token:  1429: ' process'
[1709913017] sampled token:    13: '.'
[1709913017] sampled token:   770: ' This'
[1709913017] sampled token:  2446: ' method'
[1709913017] sampled token:  5419: ' helps'
[1709913017] sampled token:   287: ' in'
[1709913017] sampled token: 10068: ' improving'
[1709913018] sampled token:   262: ' the'
[1709913018] sampled token:  4045: ' overall'
[1709913018] sampled token:  3081: ' quality'
[1709913018] sampled token:   290: ' and'
[1709913018] sampled token: 10159: ' stability'
[1709913018] sampled token:   286: ' of'
[1709913018] sampled token:   262: ' the'
[1709913018] sampled token:  1660: ' water'
[1709913018] sampled token: 23505: 'marked'
[1709913018] sampled token:  2939: ' image'
[1709913018] sampled token:    13: '.'
[1709913018] sampled token:   198: '
'
[1709913018] sampled token:   198: '
'
[1709913018] sampled token: 21017: '###'
[1709913018] sampled token:   604: ' 4'
[1709913019] sampled token:    13: '.'
[1709913019] sampled token:   887: ' But'
[1709913019] sampled token:   262: ' the'
[1709913019] sampled token:  2446: ' method'
[1709913019] sampled token:   318: ' is'
[1709913019] sampled token:  1342: ' less'
[1709913019] sampled token: 12373: ' robust'
[1709913019] sampled token:  1028: ' against'
[1709913019] sampled token:  3601: ' print'
[1709913019] sampled token:    14: '/'
[1709913019] sampled token: 35836: 'scan'
[1709913019] sampled token:    11: ','
[1709913019] sampled token: 11759: ' Wi'
[1709913019] sampled token:   877: 'ener'
[1709913019] sampled token:  8106: ' filter'
[1709913020] sampled token:    11: ','
[1709913020] sampled token:  7695: ' Po'
[1709913020] sampled token: 30927: 'isson'
[1709913020] sampled token:  7838: ' noise'
[1709913020] sampled token:   357: ' ('
[1709913020] sampled token: 13137: 'PN'
[1709913020] sampled token:   828: '),'
[1709913020] sampled token:   693: ' spe'
[1709913020] sampled token:   694: 'ck'
[1709913020] sampled token:   293: 'le'
[1709913020] sampled token:  7838: ' noise'
[1709913020] sampled token:   357: ' ('
[1709913020] sampled token: 15571: 'SN'
[1709913020] sampled token:   828: '),'
[1709913020] sampled token: 14554: ' hybrid'
[1709913021] sampled token:    11: ','
[1709913021] sampled token:   290: ' and'
[1709913021] sampled token:   748: ' des'
[1709913021] sampled token: 24871: 'ynchron'
[1709913021] sampled token:  1634: 'ization'
[1709913021] sampled token:  3434: ' attacks'
[1709913021] sampled token:    13: '.'
[1709913021] sampled token:   198: '
'
[1709913021] sampled token:  4864: 'However'
[1709913021] sampled token:    11: ','
[1709913021] sampled token:   428: ' this'
[1709913021] sampled token:  3164: ' approach'
[1709913021] sampled token:   468: ' has'
[1709913021] sampled token:   663: ' its'
[1709913021] sampled token: 11247: ' limitations'
[1709913022] sampled token:    26: ';'
[1709913022] sampled token:   340: ' it'
[1709913022] sampled token:   318: ' is'
[1709913022] sampled token:   407: ' not'
[1709913022] sampled token:   355: ' as'
[1709913022] sampled token: 18290: ' resistant'
[1709913022] sampled token:   284: ' to'
[1709913022] sampled token:  2972: ' various'
[1709913022] sampled token:  3858: ' types'
[1709913022] sampled token:   286: ' of'
[1709913022] sampled token:  3434: ' attacks'
[1709913022] sampled token:   884: ' such'
[1709913022] sampled token:   355: ' as'
[1709913022] sampled token:  3601: ' print'
[1709913022] sampled token:    14: '/'
[1709913023] sampled token: 35836: 'scan'
[1709913023] sampled token:    11: ','
[1709913023] sampled token: 11759: ' Wi'
[1709913023] sampled token:   877: 'ener'
[1709913023] sampled token:  8106: ' filter'
[1709913023] sampled token:    11: ','
[1709913023] sampled token:  7695: ' Po'
[1709913023] sampled token: 30927: 'isson'
[1709913023] sampled token:  7838: ' noise'
[1709913023] sampled token:    11: ','
[1709913023] sampled token:   693: ' spe'
[1709913023] sampled token:   694: 'ck'
[1709913023] sampled token:   293: 'le'
[1709913023] sampled token:  7838: ' noise'
[1709913023] sampled token:    11: ','
[1709913024] sampled token: 14554: ' hybrid'
[1709913024] sampled token:  3434: ' attacks'
[1709913024] sampled token:    11: ','
[1709913024] sampled token:   290: ' and'
[1709913024] sampled token:   748: ' des'
[1709913024] sampled token: 24871: 'ynchron'
[1709913024] sampled token:  1634: 'ization'
[1709913024] sampled token:  3434: ' attacks'
[1709913024] sampled token:    13: '.'
[1709913024] sampled token:   770: ' This'
[1709913024] sampled token:  1724: ' means'
[1709913024] sampled token:   326: ' that'
[1709913024] sampled token:   262: ' the'
[1709913024] sampled token:  1660: ' water'
[1709913024] sampled token:  4102: 'mark'
[1709913025] sampled token:   743: ' may'
[1709913025] sampled token:   991: ' still'
[1709913025] sampled token:   307: ' be'
[1709913025] sampled token:  7424: ' visible'
[1709913025] sampled token:   393: ' or'
[1709913025] sampled token:  8551: ' recover'
[1709913025] sampled token:   540: 'able'
[1709913025] sampled token:   287: ' in'
[1709913025] sampled token:  2663: ' cases'
[1709913025] sampled token:   810: ' where'
[1709913025] sampled token:   777: ' these'
[1709913025] sampled token:  3434: ' attacks'
[1709913025] sampled token:   389: ' are'
[1709913025] sampled token:  7482: ' attempted'
[1709913026] sampled token:    13: '.'
[1709913026] sampled token:   198: '
'
[1709913026] sampled token:   198: '
'
[1709913026] sampled token: 21017: '###'
[1709913026] sampled token:   642: ' 5'
[1709913026] sampled token:    13: '.'
[1709913026] sampled token:  1114: ' For'
[1709913026] sampled token: 13359: ' ensuring'
[1709913026] sampled token:   262: ' the'
[1709913026] sampled token:  2324: ' security'
[1709913026] sampled token:   286: ' of'
[1709913026] sampled token:   262: ' the'
[1709913026] sampled token:  1660: ' water'
[1709913026] sampled token:  4102: 'mark'
[1709913026] sampled token:  2939: ' image'
[1709913027] sampled token:    11: ','
[1709913027] sampled token:   257: ' a'
[1709913027] sampled token: 14554: ' hybrid'
[1709913027] sampled token: 12373: ' robust'
[1709913027] sampled token:  1660: ' water'
[1709913027] sampled token:  4102: 'mark'
[1709913027] sampled token:   278: 'ing'
[1709913027] sampled token:  2446: ' method'
[1709913027] sampled token:   318: ' is'
[1709913027] sampled token:  5150: ' proposed'
[1709913027] sampled token:  1912: ' based'
[1709913027] sampled token:   319: ' on'
[1709913027] sampled token:  3124: ' color'
[1709913027] sampled token:   416: ' by'
[1709913027] sampled token: 19771: ' combining'
[1709913028] sampled token:   360: ' D'
[1709913028] sampled token:  4177: 'CT'
[1709913028] sampled token:   290: ' and'
[1709913028] sampled token: 29652: ' DW'
[1709913028] sampled token:    51: 'T'
[1709913028] sampled token:   357: ' ('
[1709913028] sampled token:  4826: 'Ab'
[1709913028] sampled token:    67: 'd'
[1709913028] sampled token:   377: 'ul'
[1709913028] sampled token: 11392: 'rah'
[1709913028] sampled token:   805: 'man'
[1709913028] sampled token:   290: ' and'
[1709913028] sampled token: 18024: ' Oz'
[1709913028] sampled token: 36590: 'tur'
[1709913029] sampled token:    74: 'k'
[1709913029] sampled token:    11: ','
[1709913029] sampled token: 13130: ' 2019'
[1709913029] sampled token:   737: ').'
[1709913029] sampled token:   198: '
'
[1709913029] sampled token:  2514: 'To'
[1709913029] sampled token:  2209: ' address'
[1709913029] sampled token:   262: ' the'
[1709913029] sampled token:  2428: ' issues'
[1709913029] sampled token:  4750: ' mentioned'
[1709913029] sampled token:  2961: ' earlier'
[1709913029] sampled token:    11: ','
[1709913029] sampled token:  1194: ' another'
[1709913029] sampled token:  3164: ' approach'
[1709913029] sampled token:  1444: ' called'
[1709913030] sampled token: 29481: ' Hybrid'
[1709913030] sampled token:  3851: ' Rob'
[1709913030] sampled token:   436: 'ust'
[1709913030] sampled token:  5638: ' Water'
[1709913030] sampled token:  4102: 'mark'
[1709913030] sampled token:   278: 'ing'
[1709913030] sampled token:   373: ' was'
[1709913030] sampled token:  5495: ' introduced'
[1709913030] sampled token:   287: ' in'
[1709913030] sampled token:   357: ' ('
[1709913030] sampled token:  4826: 'Ab'
[1709913030] sampled token:    67: 'd'
[1709913030] sampled token:   377: 'ul'
[1709913030] sampled token: 11392: 'rah'
[1709913031] sampled token:   805: 'man'
[1709913031] sampled token:   290: ' and'
[1709913031] sampled token: 18024: ' Oz'
[1709913031] sampled token: 36590: 'tur'
[1709913031] sampled token:    74: 'k'
[1709913031] sampled token:    11: ','
[1709913031] sampled token: 13130: ' 2019'
[1709913031] sampled token:     8: ')'
[1709913031] sampled token:   284: ' to'
[1709913031] sampled token: 11525: ' embed'
[1709913031] sampled token:   257: ' a'
[1709913031] sampled token:  1660: ' water'
[1709913031] sampled token:  4102: 'mark'
[1709913031] sampled token:   656: ' into'
[1709913031] sampled token:   281: ' an'
[1709913032] sampled token: 25228: ' RGB'
[1709913032] sampled token:  3124: ' color'
[1709913032] sampled token:  2939: ' image'
[1709913032] sampled token:    13: '.'
[1709913032] sampled token:   770: ' This'
[1709913032] sampled token:  2446: ' method'
[1709913032] sampled token: 21001: ' combines'
[1709913032] sampled token:   360: ' D'
[1709913032] sampled token:  4177: 'CT'
[1709913032] sampled token:   290: ' and'
[1709913032] sampled token: 29652: ' DW'
[1709913032] sampled token:    51: 'T'
[1709913032] sampled token: 38226: ' transformations'
[1709913032] sampled token:   319: ' on'
[1709913033] sampled token:  1123: ' each'
[1709913033] sampled token:  3124: ' color'
[1709913033] sampled token:  6518: ' channel'
[1709913033] sampled token:   286: ' of'
[1709913033] sampled token:   262: ' the'
[1709913033] sampled token:  2939: ' image'
[1709913033] sampled token: 14799: ' independently'
[1709913033] sampled token:    11: ','
[1709913033] sampled token:  4955: ' providing'
[1709913033] sampled token:  1365: ' better'
[1709913033] sampled token:  2324: ' security'
[1709913033] sampled token:  1028: ' against'
[1709913033] sampled token:  3434: ' attacks'
[1709913033] sampled token:  3688: ' compared'
[1709913034] sampled token:   284: ' to'
[1709913034] sampled token:   584: ' other'
[1709913034] sampled token:  5050: ' methods'
[1709913034] sampled token:    13: '.'
[1709913034] sampled token:   198: '
'
[1709913034] sampled token:   198: '
'
[1709913034] sampled token: 21017: '###'
[1709913034] sampled token:   718: ' 6'
[1709913034] sampled token:    13: '.'
[1709913034] sampled token:   383: ' The'
[1709913034] sampled token:  1660: ' water'
[1709913034] sampled token:  4102: 'mark'
[1709913034] sampled token:  2939: ' image'
[1709913034] sampled token:   318: ' is'
[1709913034] sampled token:   257: ' a'
[1709913035] sampled token:  1036: ' gr'
[1709913035] sampled token:   592: 'ays'
[1709913035] sampled token: 38765: 'cale'
